2025-10-13 15:57:07 [[32minfo[39m]: 
    =========================================
    🚀 Server running in development mode on port 5000
    =========================================
    📄 API Documentation: http://localhost:5000/api-docs
    =========================================
   
2025-10-13 15:58:59 [[32minfo[39m]: Shutting down server... 
2025-10-13 15:59:09 [[32minfo[39m]: 
    =========================================
    🚀 Server running in development mode on port 5000
    =========================================
    📄 API Documentation: http://localhost:5000/api-docs
    =========================================
   
2025-10-13 22:12:04 [[32minfo[39m]: 
    =========================================
    🚀 Server running in development mode on port 5000
    =========================================
    📄 API Documentation: http://localhost:5000/api-docs
    =========================================
   
2025-10-13 23:03:00 [[32minfo[39m]: Shutting down server... 
2025-10-13 23:04:21 [[32minfo[39m]: 
    =========================================
    🚀 Server running in development mode on port 5000
    =========================================
    📄 API Documentation: http://localhost:5000/api-docs
    =========================================
   
2025-10-13 23:41:16 [[32minfo[39m]: 
    =========================================
    🚀 Server running in development mode on port 5000
    =========================================
    📄 API Documentation: http://localhost:5000/api-docs
    =========================================
   
2025-10-14 08:18:10 [[32minfo[39m]: 
    =========================================
    🚀 Server running in development mode on port 5000
    =========================================
    📄 API Documentation: http://localhost:5000/api-docs
    =========================================
   
2025-10-14 13:38:08 [[32minfo[39m]: 
    =========================================
    🚀 Server running in development mode on port 5000
    =========================================
    📄 API Documentation: http://localhost:5000/api-docs
    =========================================
   
2025-10-14 14:55:27 [[32minfo[39m]: Shutting down server... 
2025-10-14 14:55:45 [[32minfo[39m]: 
    =========================================
    🚀 Server running in development mode on port 5000
    =========================================
    📄 API Documentation: http://localhost:5000/api-docs
    =========================================
   
2025-10-14 14:57:39 [[31merror[39m]: createError is not a function {
  "stack": "TypeError: createError is not a function\n    at exports.login (C:\\Users\\ELITEBOOK\\CascadeProjects\\windsurf-project-2\\gazoduc-invest\\backend\\src\\controllers\\auth.controller.js:91:13)\n    at process.processTicksAndRejections (node:internal/process/task_queues:105:5)",
  "url": "/api/auth/login",
  "method": "POST",
  "ip": "::1"
}
2025-10-14 14:58:56 [[31merror[39m]: createError is not a function {
  "stack": "TypeError: createError is not a function\n    at exports.register (C:\\Users\\ELITEBOOK\\CascadeProjects\\windsurf-project-2\\gazoduc-invest\\backend\\src\\controllers\\auth.controller.js:50:13)\n    at process.processTicksAndRejections (node:internal/process/task_queues:105:5)",
  "url": "/api/auth/register",
  "method": "POST",
  "ip": "::1"
}
2025-10-14 15:01:47 [[31merror[39m]: createError is not a function {
  "stack": "TypeError: createError is not a function\n    at exports.register (C:\\Users\\ELITEBOOK\\CascadeProjects\\windsurf-project-2\\gazoduc-invest\\backend\\src\\controllers\\auth.controller.js:50:13)\n    at process.processTicksAndRejections (node:internal/process/task_queues:105:5)",
  "url": "/api/auth/register",
  "method": "POST",
  "ip": "::1"
}
2025-10-14 15:02:14 [[31merror[39m]: createError is not a function {
  "stack": "TypeError: createError is not a function\n    at exports.register (C:\\Users\\ELITEBOOK\\CascadeProjects\\windsurf-project-2\\gazoduc-invest\\backend\\src\\controllers\\auth.controller.js:50:13)\n    at process.processTicksAndRejections (node:internal/process/task_queues:105:5)",
  "url": "/api/auth/register",
  "method": "POST",
  "ip": "::1"
}
2025-10-14 15:05:21 [[32minfo[39m]: 
    =========================================
    🚀 Server running in development mode on port 5000
    =========================================
    📄 API Documentation: http://localhost:5000/api-docs
    =========================================
   
2025-10-14 15:05:39 [[31merror[39m]: Error creating user: TypeError: fetch failed {
  "stack": "InternalServerError: Error creating user: TypeError: fetch failed\n    at exports.register (C:\\Users\\ELITEBOOK\\CascadeProjects\\windsurf-project-2\\gazoduc-invest\\backend\\src\\controllers\\auth.controller.js:51:13)\n    at process.processTicksAndRejections (node:internal/process/task_queues:105:5)",
  "url": "/api/auth/register",
  "method": "POST",
  "ip": "::1"
}
2025-10-14 15:07:01 [[31merror[39m]: Error creating user: Could not find the 'password_hash' column of 'users' in the schema cache {
  "stack": "InternalServerError: Error creating user: Could not find the 'password_hash' column of 'users' in the schema cache\n    at exports.register (C:\\Users\\ELITEBOOK\\CascadeProjects\\windsurf-project-2\\gazoduc-invest\\backend\\src\\controllers\\auth.controller.js:51:13)\n    at process.processTicksAndRejections (node:internal/process/task_queues:105:5)",
  "url": "/api/auth/register",
  "method": "POST",
  "ip": "::1"
}
2025-10-14 15:09:16 [[31merror[39m]: Uncaught Exception: listen EADDRINUSE: address already in use :::5000 {
  "code": "EADDRINUSE",
  "errno": -4091,
  "syscall": "listen",
  "address": "::",
  "port": 5000,
  "stack": "Error: listen EADDRINUSE: address already in use :::5000\n    at Server.setupListenHandle [as _listen2] (node:net:1940:16)\n    at listenInCluster (node:net:1997:12)\n    at Server.listen (node:net:2102:7)\n    at Object.<anonymous> (C:\\Users\\ELITEBOOK\\CascadeProjects\\windsurf-project-2\\gazoduc-invest\\backend\\server.js:34:27)\n    at Module._compile (node:internal/modules/cjs/loader:1706:14)\n    at Object..js (node:internal/modules/cjs/loader:1839:10)\n    at Module.load (node:internal/modules/cjs/loader:1441:32)\n    at Function._load (node:internal/modules/cjs/loader:1263:12)\n    at TracingChannel.traceSync (node:diagnostics_channel:322:14)\n    at wrapModuleLoad (node:internal/modules/cjs/loader:237:24)"
}
2025-10-14 15:10:11 [[32minfo[39m]: 
    =========================================
    🚀 Server running in development mode on port 5000
    =========================================
    📄 API Documentation: http://localhost:5000/api-docs
    =========================================
   
2025-10-14 15:13:10 [[32minfo[39m]: 
    =========================================
    🚀 Server running in development mode on port 5000
    =========================================
    📄 API Documentation: http://localhost:5000/api-docs
    =========================================
   
2025-10-14 15:13:17 [[31merror[39m]: Error creating user: Could not find the 'password_hash' column of 'users' in the schema cache {
  "stack": "InternalServerError: Error creating user: Could not find the 'password_hash' column of 'users' in the schema cache\n    at exports.register (C:\\Users\\ELITEBOOK\\CascadeProjects\\windsurf-project-2\\gazoduc-invest\\backend\\src\\controllers\\auth.controller.js:51:13)\n    at process.processTicksAndRejections (node:internal/process/task_queues:105:5)",
  "url": "/api/auth/register",
  "method": "POST",
  "ip": "::1"
}
2025-10-14 16:49:59 [[31merror[39m]: Error creating user: Could not find the 'password_hash' column of 'users' in the schema cache {
  "stack": "InternalServerError: Error creating user: Could not find the 'password_hash' column of 'users' in the schema cache\n    at exports.register (C:\\Users\\ELITEBOOK\\CascadeProjects\\windsurf-project-2\\gazoduc-invest\\backend\\src\\controllers\\auth.controller.js:51:13)\n    at process.processTicksAndRejections (node:internal/process/task_queues:105:5)",
  "url": "/api/auth/register",
  "method": "POST",
  "ip": "::1"
}
2025-10-14 16:51:00 [[31merror[39m]: Error creating user: Could not find the 'password_hash' column of 'users' in the schema cache {
  "stack": "InternalServerError: Error creating user: Could not find the 'password_hash' column of 'users' in the schema cache\n    at exports.register (C:\\Users\\ELITEBOOK\\CascadeProjects\\windsurf-project-2\\gazoduc-invest\\backend\\src\\controllers\\auth.controller.js:51:13)\n    at process.processTicksAndRejections (node:internal/process/task_queues:105:5)",
  "url": "/api/auth/register",
  "method": "POST",
  "ip": "::1"
}
2025-10-14 16:51:35 [[32minfo[39m]: 
    =========================================
    🚀 Server running in development mode on port 5000
    =========================================
    📄 API Documentation: http://localhost:5000/api-docs
    =========================================
   
2025-10-14 16:51:57 [[31merror[39m]: supabase.auth.getUserByEmail is not a function {
  "stack": "TypeError: supabase.auth.getUserByEmail is not a function\n    at exports.register (C:\\Users\\ELITEBOOK\\CascadeProjects\\windsurf-project-2\\gazoduc-invest\\backend\\src\\controllers\\auth.controller.js:18:84)\n    at Layer.handle [as handle_request] (C:\\Users\\ELITEBOOK\\CascadeProjects\\windsurf-project-2\\gazoduc-invest\\backend\\node_modules\\express\\lib\\router\\layer.js:95:5)\n    at next (C:\\Users\\ELITEBOOK\\CascadeProjects\\windsurf-project-2\\gazoduc-invest\\backend\\node_modules\\express\\lib\\router\\route.js:149:13)\n    at C:\\Users\\ELITEBOOK\\CascadeProjects\\windsurf-project-2\\gazoduc-invest\\backend\\src\\middleware\\validation.middleware.js:11:14\n    at process.processTicksAndRejections (node:internal/process/task_queues:105:5)",
  "url": "/api/auth/register",
  "method": "POST",
  "ip": "::1"
}
2025-10-14 16:55:02 [[31merror[39m]: Uncaught Exception: listen EADDRINUSE: address already in use :::5000 {
  "code": "EADDRINUSE",
  "errno": -4091,
  "syscall": "listen",
  "address": "::",
  "port": 5000,
  "stack": "Error: listen EADDRINUSE: address already in use :::5000\n    at Server.setupListenHandle [as _listen2] (node:net:1940:16)\n    at listenInCluster (node:net:1997:12)\n    at Server.listen (node:net:2102:7)\n    at Object.<anonymous> (C:\\Users\\ELITEBOOK\\CascadeProjects\\windsurf-project-2\\gazoduc-invest\\backend\\server.js:34:27)\n    at Module._compile (node:internal/modules/cjs/loader:1706:14)\n    at Object..js (node:internal/modules/cjs/loader:1839:10)\n    at Module.load (node:internal/modules/cjs/loader:1441:32)\n    at Function._load (node:internal/modules/cjs/loader:1263:12)\n    at TracingChannel.traceSync (node:diagnostics_channel:322:14)\n    at wrapModuleLoad (node:internal/modules/cjs/loader:237:24)"
}
2025-10-14 16:57:26 [[32minfo[39m]: 
    =========================================
    🚀 Server running in development mode on port 5001
    =========================================
    📄 API Documentation: http://localhost:5001/api-docs
    =========================================
   
2025-10-14 16:57:57 [[31merror[39m]: Erreur lors de la création de l'utilisateur: Email address "votre.email@exemple.com" is invalid {
  "stack": "InternalServerError: Erreur lors de la création de l'utilisateur: Email address \"votre.email@exemple.com\" is invalid\n    at exports.register (C:\\Users\\ELITEBOOK\\CascadeProjects\\windsurf-project-2\\gazoduc-invest\\backend\\src\\controllers\\auth.controller.js:39:13)\n    at process.processTicksAndRejections (node:internal/process/task_queues:105:5)",
  "url": "/api/auth/register",
  "method": "POST",
  "ip": "::1"
}
2025-10-14 17:01:38 [[31merror[39m]: Uncaught Exception: listen EADDRINUSE: address already in use :::5001 {
  "code": "EADDRINUSE",
  "errno": -4091,
  "syscall": "listen",
  "address": "::",
  "port": 5001,
  "stack": "Error: listen EADDRINUSE: address already in use :::5001\n    at Server.setupListenHandle [as _listen2] (node:net:1940:16)\n    at listenInCluster (node:net:1997:12)\n    at Server.listen (node:net:2102:7)\n    at Object.<anonymous> (C:\\Users\\ELITEBOOK\\CascadeProjects\\windsurf-project-2\\gazoduc-invest\\backend\\server.js:34:27)\n    at Module._compile (node:internal/modules/cjs/loader:1706:14)\n    at Object..js (node:internal/modules/cjs/loader:1839:10)\n    at Module.load (node:internal/modules/cjs/loader:1441:32)\n    at Function._load (node:internal/modules/cjs/loader:1263:12)\n    at TracingChannel.traceSync (node:diagnostics_channel:322:14)\n    at wrapModuleLoad (node:internal/modules/cjs/loader:237:24)"
}
2025-10-14 17:03:24 [[32minfo[39m]: 
    =========================================
    🚀 Server running in development mode on port 5001
    =========================================
    📄 API Documentation: http://localhost:5001/api-docs
    =========================================
   
2025-10-14 17:10:24 [[31merror[39m]: RefreshToken validation failed: userId: Cast to ObjectId failed for value "a041b456-5c8c-4303-8ea8-5d9d0f924757" (type string) at path "userId" because of "BSONError" {
  "stack": "ValidationError: RefreshToken validation failed: userId: Cast to ObjectId failed for value \"a041b456-5c8c-4303-8ea8-5d9d0f924757\" (type string) at path \"userId\" because of \"BSONError\"\n    at Document.invalidate (C:\\Users\\ELITEBOOK\\CascadeProjects\\windsurf-project-2\\gazoduc-invest\\backend\\node_modules\\mongoose\\lib\\document.js:3219:32)\n    at model.$set (C:\\Users\\ELITEBOOK\\CascadeProjects\\windsurf-project-2\\gazoduc-invest\\backend\\node_modules\\mongoose\\lib\\document.js:1464:12)\n    at model.$set (C:\\Users\\ELITEBOOK\\CascadeProjects\\windsurf-project-2\\gazoduc-invest\\backend\\node_modules\\mongoose\\lib\\document.js:1119:16)\n    at model.Document (C:\\Users\\ELITEBOOK\\CascadeProjects\\windsurf-project-2\\gazoduc-invest\\backend\\node_modules\\mongoose\\lib\\document.js:165:12)\n    at model.Model (C:\\Users\\ELITEBOOK\\CascadeProjects\\windsurf-project-2\\gazoduc-invest\\backend\\node_modules\\mongoose\\lib\\model.js:123:12)\n    at new model (C:\\Users\\ELITEBOOK\\CascadeProjects\\windsurf-project-2\\gazoduc-invest\\backend\\node_modules\\mongoose\\lib\\model.js:4758:15)\n    at C:\\Users\\ELITEBOOK\\CascadeProjects\\windsurf-project-2\\gazoduc-invest\\backend\\node_modules\\mongoose\\lib\\model.js:2922:18\n    at Array.map (<anonymous>)\n    at Function.create (C:\\Users\\ELITEBOOK\\CascadeProjects\\windsurf-project-2\\gazoduc-invest\\backend\\node_modules\\mongoose\\lib\\model.js:2911:30)\n    at generateRefreshToken (C:\\Users\\ELITEBOOK\\CascadeProjects\\windsurf-project-2\\gazoduc-invest\\backend\\src\\controllers\\auth.controller.js:178:43)",
  "url": "/api/auth/register",
  "method": "POST",
  "ip": "::1"
}
2025-10-14 17:11:52 [[32minfo[39m]: Shutting down server... 
2025-10-14 17:12:01 [[32minfo[39m]: 
    =========================================
    🚀 Server running in development mode on port 5001
    =========================================
    📄 API Documentation: http://localhost:5001/api-docs
    =========================================
   
2025-10-14 17:12:18 [[31merror[39m]: Operation `refreshtokens.insertOne()` buffering timed out after 10000ms {
  "stack": "MongooseError: Operation `refreshtokens.insertOne()` buffering timed out after 10000ms\n    at Timeout.<anonymous> (C:\\Users\\ELITEBOOK\\CascadeProjects\\windsurf-project-2\\gazoduc-invest\\backend\\node_modules\\mongoose\\lib\\drivers\\node-mongodb-native\\collection.js:185:23)\n    at listOnTimeout (node:internal/timers:588:17)\n    at process.processTimers (node:internal/timers:523:7)",
  "url": "/api/auth/register",
  "method": "POST",
  "ip": "::1"
}
2025-10-14 17:21:41 [[32minfo[39m]: Shutting down server... 
